0 info it worked if it ends with ok
1 verbose cli [ '/Users/derwilliams/.nvm/versions/node/v6.2.1/bin/node',
1 verbose cli   '/Users/derwilliams/.nvm/versions/node/v6.2.1/bin/npm',
1 verbose cli   'run',
1 verbose cli   'test' ]
2 info using npm@3.9.6
3 info using node@v6.2.1
4 verbose run-script [ 'pretest', 'test', 'posttest' ]
5 info lifecycle cbax-logjs@1.0.0~pretest: cbax-logjs@1.0.0
6 silly lifecycle cbax-logjs@1.0.0~pretest: no script for pretest, continuing
7 info lifecycle cbax-logjs@1.0.0~test: cbax-logjs@1.0.0
8 verbose lifecycle cbax-logjs@1.0.0~test: unsafe-perm in lifecycle true
9 verbose lifecycle cbax-logjs@1.0.0~test: PATH: /Users/derwilliams/.nvm/versions/node/v6.2.1/lib/node_modules/npm/bin/node-gyp-bin:/Users/derwilliams/cbax/cbax-logjs/node_modules/.bin:/Users/derwilliams/.nvm/versions/node/v6.2.1/bin:/Users/derwilliams/.nvm/versions/node/v6.2.1/bin:/usr/local/bin:/usr/bin:/bin:/usr/sbin:/sbin:/usr/local/go/bin:/Users/derwilliams/.rvm/bin
10 verbose lifecycle cbax-logjs@1.0.0~test: CWD: /Users/derwilliams/cbax/cbax-logjs
11 silly lifecycle cbax-logjs@1.0.0~test: Args: [ '-c', 'jasmine' ]
12 silly lifecycle cbax-logjs@1.0.0~test: Returned: code: 1  signal: null
13 info lifecycle cbax-logjs@1.0.0~test: Failed to exec test script
14 verbose stack Error: cbax-logjs@1.0.0 test: `jasmine`
14 verbose stack Exit status 1
14 verbose stack     at EventEmitter.<anonymous> (/Users/derwilliams/.nvm/versions/node/v6.2.1/lib/node_modules/npm/lib/utils/lifecycle.js:245:16)
14 verbose stack     at emitTwo (events.js:106:13)
14 verbose stack     at EventEmitter.emit (events.js:191:7)
14 verbose stack     at ChildProcess.<anonymous> (/Users/derwilliams/.nvm/versions/node/v6.2.1/lib/node_modules/npm/lib/utils/spawn.js:24:14)
14 verbose stack     at emitTwo (events.js:106:13)
14 verbose stack     at ChildProcess.emit (events.js:191:7)
14 verbose stack     at maybeClose (internal/child_process.js:852:16)
14 verbose stack     at Process.ChildProcess._handle.onexit (internal/child_process.js:215:5)
15 verbose pkgid cbax-logjs@1.0.0
16 verbose cwd /Users/derwilliams/cbax/cbax-logjs
17 error Darwin 14.5.0
18 error argv "/Users/derwilliams/.nvm/versions/node/v6.2.1/bin/node" "/Users/derwilliams/.nvm/versions/node/v6.2.1/bin/npm" "run" "test"
19 error node v6.2.1
20 error npm  v3.9.6
21 error code ELIFECYCLE
22 error cbax-logjs@1.0.0 test: `jasmine`
22 error Exit status 1
23 error Failed at the cbax-logjs@1.0.0 test script 'jasmine'.
23 error Make sure you have the latest version of node.js and npm installed.
23 error If you do, this is most likely a problem with the cbax-logjs package,
23 error not with npm itself.
23 error Tell the author that this fails on your system:
23 error     jasmine
23 error You can get information on how to open an issue for this project with:
23 error     npm bugs cbax-logjs
23 error Or if that isn't available, you can get their info via:
23 error     npm owner ls cbax-logjs
23 error There is likely additional logging output above.
24 verbose exit [ 1, true ]
